<?xml version="1.0" encoding="UTF-8"?>
<testng-results ignored="0" total="2" passed="2" failed="0" skipped="0">
  <reporter-output>
  </reporter-output>
  <suite started-at="2020-11-03T18:39:11 IST" name="Suite" finished-at="2020-11-03T18:42:23 IST" duration-ms="192482">
    <groups>
    </groups>
    <test started-at="2020-11-03T18:39:11 IST" name="Test" finished-at="2020-11-03T18:42:23 IST" duration-ms="192482">
      <class name="MakeMyTrip.MakeMyTripTest">
        <test-method is-config="true" signature="initialize()[pri:0, instance:MakeMyTrip.MakeMyTripTest@fd07cbb]" started-at="2020-11-03T18:39:11 IST" name="initialize" finished-at="2020-11-03T18:39:30 IST" duration-ms="19701" status="PASS">
          <reporter-output>
          </reporter-output>
        </test-method> <!-- initialize -->
        <test-method signature="logintest()[pri:1, instance:MakeMyTrip.MakeMyTripTest@fd07cbb]" started-at="2020-11-03T18:39:31 IST" name="logintest" finished-at="2020-11-03T18:40:39 IST" duration-ms="67958" status="PASS">
          <reporter-output>
          </reporter-output>
        </test-method> <!-- logintest -->
        <test-method is-config="true" signature="screenShot(org.testng.ITestResult)[pri:0, instance:MakeMyTrip.MakeMyTripTest@fd07cbb]" started-at="2020-11-03T18:40:39 IST" name="screenShot" finished-at="2020-11-03T18:40:39 IST" duration-ms="7" status="PASS">
          <params>
            <param index="0">
              <value>
                <![CDATA[[TestResult name=logintest status=SUCCESS method=MakeMyTripTest.logintest()[pri:1, instance:MakeMyTrip.MakeMyTripTest@fd07cbb] output={null}]]]>
              </value>
            </param>
          </params>
          <reporter-output>
          </reporter-output>
        </test-method> <!-- screenShot -->
        <test-method signature="hotelBookingtest()[pri:2, instance:MakeMyTrip.MakeMyTripTest@fd07cbb]" started-at="2020-11-03T18:40:39 IST" name="hotelBookingtest" finished-at="2020-11-03T18:42:21 IST" duration-ms="102489" status="PASS">
          <reporter-output>
          </reporter-output>
        </test-method> <!-- hotelBookingtest -->
        <test-method is-config="true" signature="screenShot(org.testng.ITestResult)[pri:0, instance:MakeMyTrip.MakeMyTripTest@fd07cbb]" started-at="2020-11-03T18:42:21 IST" name="screenShot" finished-at="2020-11-03T18:42:21 IST" duration-ms="1" status="PASS">
          <params>
            <param index="0">
              <value>
                <![CDATA[[TestResult name=hotelBookingtest status=SUCCESS method=MakeMyTripTest.hotelBookingtest()[pri:2, instance:MakeMyTrip.MakeMyTripTest@fd07cbb] output={null}]]]>
              </value>
            </param>
          </params>
          <reporter-output>
          </reporter-output>
        </test-method> <!-- screenShot -->
        <test-method is-config="true" signature="teardown()[pri:0, instance:MakeMyTrip.MakeMyTripTest@fd07cbb]" started-at="2020-11-03T18:42:21 IST" name="teardown" finished-at="2020-11-03T18:42:23 IST" duration-ms="2009" status="PASS">
          <reporter-output>
          </reporter-output>
        </test-method> <!-- teardown -->
      </class> <!-- MakeMyTrip.MakeMyTripTest -->
    </test> <!-- Test -->
  </suite> <!-- Suite -->
</testng-results>
